{"meta": {"version": "7.3.0", "timestamp": "2023-08-17T15:28:15.833665", "branch_coverage": false, "show_contexts": false}, "files": {"test_script.py": {"executed_lines": [1, 3, 4, 6, 7, 9, 10, 11, 12, 14, 15, 16, 18, 19], "summary": {"covered_lines": 14, "num_statements": 14, "percent_covered": 100.0, "percent_covered_display": "100", "missing_lines": 0, "excluded_lines": 0}, "missing_lines": [], "excluded_lines": []}}, "totals": {"covered_lines": 14, "num_statements": 14, "percent_covered": 100.0, "percent_covered_display": "100", "missing_lines": 0, "excluded_lines": 0}}